Mon Aug 18 18:08:57 GMT+08:00 2014  [debug] AvalonLogSystem initialized using logfile 'D:\I-นคื๗\Java\Workspacess\.metadata\.plugins\com.genuitec.eclipse.templates\velocity.log'
Mon Aug 18 18:08:57 GMT+08:00 2014   [info] ************************************************************** 
Mon Aug 18 18:08:57 GMT+08:00 2014   [info] Starting Jakarta Velocity v1.4
Mon Aug 18 18:08:57 GMT+08:00 2014   [info] RuntimeInstance initializing.
Mon Aug 18 18:08:57 GMT+08:00 2014   [info] Default Properties File: org\apache\velocity\runtime\defaults\velocity.properties
Mon Aug 18 18:08:57 GMT+08:00 2014   [info] Trying to use logger class org.apache.velocity.runtime.log.AvalonLogSystem
Mon Aug 18 18:08:57 GMT+08:00 2014   [info] Using logger class org.apache.velocity.runtime.log.AvalonLogSystem
Mon Aug 18 18:08:57 GMT+08:00 2014   [info] Default ResourceManager initializing. (class org.apache.velocity.runtime.resource.ResourceManagerImpl)
Mon Aug 18 18:08:57 GMT+08:00 2014   [info] Resource Loader Instantiated: com.genuitec.eclipse.templates.internal.PluginResourceLoader
Mon Aug 18 18:08:57 GMT+08:00 2014   [info] ResourceCache : initialized. (class org.apache.velocity.runtime.resource.ResourceCacheImpl)
Mon Aug 18 18:08:57 GMT+08:00 2014   [info] Default ResourceManager initialization complete.
Mon Aug 18 18:08:57 GMT+08:00 2014   [info] Loaded System Directive: org.apache.velocity.runtime.directive.Literal
Mon Aug 18 18:08:57 GMT+08:00 2014   [info] Loaded System Directive: org.apache.velocity.runtime.directive.Macro
Mon Aug 18 18:08:57 GMT+08:00 2014   [info] Loaded System Directive: org.apache.velocity.runtime.directive.Parse
Mon Aug 18 18:08:57 GMT+08:00 2014   [info] Loaded System Directive: org.apache.velocity.runtime.directive.Include
Mon Aug 18 18:08:57 GMT+08:00 2014   [info] Loaded System Directive: org.apache.velocity.runtime.directive.Foreach
Mon Aug 18 18:08:57 GMT+08:00 2014   [info] Created: 20 parsers.
Mon Aug 18 18:08:57 GMT+08:00 2014   [info] Velocimacro : initialization starting.
Mon Aug 18 18:08:57 GMT+08:00 2014   [info] Velocimacro : adding VMs from VM library template : VM_global_library.vm
Mon Aug 18 18:08:57 GMT+08:00 2014  [error] ResourceManager : unable to find resource 'VM_global_library.vm' in any resource loader.
Mon Aug 18 18:08:57 GMT+08:00 2014   [info] Velocimacro : error using  VM library template VM_global_library.vm : org.apache.velocity.exception.ResourceNotFoundException: Unable to find resource 'VM_global_library.vm'
Mon Aug 18 18:08:57 GMT+08:00 2014   [info] Velocimacro :  VM library template macro registration complete.
Mon Aug 18 18:08:57 GMT+08:00 2014   [info] Velocimacro : allowInline = true : VMs can be defined inline in templates
Mon Aug 18 18:08:57 GMT+08:00 2014   [info] Velocimacro : allowInlineToOverride = true : VMs defined inline may replace previous VM definitions
Mon Aug 18 18:08:57 GMT+08:00 2014   [info] Velocimacro : allowInlineLocal = true : VMs defined inline will be local to their defining template only.
Mon Aug 18 18:08:57 GMT+08:00 2014   [info] Velocimacro : messages on  : VM system will output logging messages
Mon Aug 18 18:08:57 GMT+08:00 2014   [info] Velocimacro : autoload off  : VM system will not automatically reload global library macros
Mon Aug 18 18:08:57 GMT+08:00 2014   [info] Velocimacro : initialization complete.
Mon Aug 18 18:08:57 GMT+08:00 2014   [info] Velocity successfully started.
Mon Aug 18 18:08:57 GMT+08:00 2014   [info] ResourceManager : found templates/web.xml.vm with loader com.genuitec.eclipse.templates.internal.PluginResourceLoader
Mon Aug 18 18:08:57 GMT+08:00 2014   [info] ResourceManager : found /templates/velocity/welcome/Jsp.vtl with loader com.genuitec.eclipse.templates.internal.PluginResourceLoader
